<?xml version="1.0" encoding="UTF-8"?>
<!-- Generated by org.testng.reporters.JUnitReportReporter -->
<testsuite hostname="LAPTOP-GA4HMSSR" failures="0" tests="1" name="com.bridgelabz.Facebook_Login" time="16.886" errors="0" timestamp="2022-07-17T23:55:07 IST" skipped="0">
  <testcase classname="com.bridgelabz.Facebook_Login" name="login" time="16.886"/>
  <system-out/>
</testsuite> <!-- com.bridgelabz.Facebook_Login -->
