<?xml version="1.0" encoding="UTF-8"?>
<!-- Generated by org.testng.reporters.JUnitReportReporter -->
<testsuite hostname="LAPTOP-GA4HMSSR" failures="0" tests="1" name="com.bridgelabz.Robot_class" time="22.831" errors="0" timestamp="2022-07-24T00:27:50 IST" skipped="0">
  <testcase classname="com.bridgelabz.Robot_class" name="mouseAndKeyboard" time="22.831"/>
  <system-out/>
</testsuite> <!-- com.bridgelabz.Robot_class -->
