<?xml version="1.0" encoding="UTF-8"?>
<!-- Generated by org.testng.reporters.JUnitReportReporter -->
<testsuite hostname="LAPTOP-GA4HMSSR" failures="0" tests="1" name="com.bridgelabz.FacebookVarifyUsingURL" time="21.861" errors="0" timestamp="2022-07-24T02:55:30 IST" skipped="0">
  <testcase classname="com.bridgelabz.FacebookVarifyUsingURL" name="VarifyHomeUsingURL" time="21.861"/>
  <system-out/>
</testsuite> <!-- com.bridgelabz.FacebookVarifyUsingURL -->
