<?xml version="1.0" encoding="UTF-8"?>
<!-- Generated by org.testng.reporters.JUnitReportReporter -->
<testsuite hostname="LAPTOP-GA4HMSSR" failures="0" tests="1" name="com.bridgelabz.TextBox_AndRemoveValue" time="11.992" errors="0" timestamp="2022-07-25T11:26:06 IST" skipped="0">
  <testcase classname="com.bridgelabz.TextBox_AndRemoveValue" name="getCssValue" time="11.992"/>
  <system-out/>
</testsuite> <!-- com.bridgelabz.TextBox_AndRemoveValue -->
