<?xml version="1.0" encoding="UTF-8"?>
<!-- Generated by org.testng.reporters.JUnitReportReporter -->
<testsuite hostname="LAPTOP-GA4HMSSR" failures="0" tests="1" name="com.bridgelabz.Facebook_Xpath" time="15.537" errors="0" timestamp="2022-07-24T01:12:10 IST" skipped="0">
  <testcase classname="com.bridgelabz.Facebook_Xpath" name="login" time="15.537"/>
  <system-out/>
</testsuite> <!-- com.bridgelabz.Facebook_Xpath -->
