<?xml version="1.0" encoding="UTF-8"?>
<!-- Generated by org.testng.reporters.JUnitReportReporter -->
<testsuite hostname="LAPTOP-GA4HMSSR" failures="0" tests="1" name="com.bridgelabz.FileDownloadTest" time="8.986" errors="0" timestamp="2022-08-03T18:18:18 IST" skipped="0">
  <testcase classname="com.bridgelabz.FileDownloadTest" name="fileDownloadInChromeBrowser" time="8.986"/>
  <system-out/>
</testsuite> <!-- com.bridgelabz.FileDownloadTest -->
