<?xml version="1.0" encoding="UTF-8"?>
<!-- Generated by org.testng.reporters.JUnitReportReporter -->
<testsuite hostname="LAPTOP-GA4HMSSR" failures="0" tests="1" name="com.bridgelabz.Take_Screenshot" time="7.651" errors="0" timestamp="2022-07-28T16:30:37 IST" skipped="0">
  <testcase classname="com.bridgelabz.Take_Screenshot" name="login" time="7.651"/>
  <system-out/>
</testsuite> <!-- com.bridgelabz.Take_Screenshot -->
