<?xml version="1.0" encoding="UTF-8"?>
<!-- Generated by org.testng.reporters.JUnitReportReporter -->
<testsuite hostname="LAPTOP-GA4HMSSR" failures="0" tests="1" name="com.bridgelabz.Browser_Launching_Basedon_User_Input" time="44.308" errors="0" timestamp="2022-08-01T08:25:56 IST" skipped="0">
  <testcase classname="com.bridgelabz.Browser_Launching_Basedon_User_Input" name="launching_Multiple_Browser" time="44.308"/>
  <system-out/>
</testsuite> <!-- com.bridgelabz.Browser_Launching_Basedon_User_Input -->
