<?xml version="1.0" encoding="UTF-8"?>
<!-- Generated by org.testng.reporters.JUnitReportReporter -->
<testsuite hostname="LAPTOP-GA4HMSSR" failures="0" tests="1" name="com.bridgelabz.WebElement_InterFace_Methods" time="5.955" errors="0" timestamp="2022-07-24T20:08:39 IST" skipped="0">
  <testcase classname="com.bridgelabz.WebElement_InterFace_Methods" name="UsernameField_LessThan_MobNoField" time="5.955"/>
  <system-out/>
</testsuite> <!-- com.bridgelabz.WebElement_InterFace_Methods -->
