<?xml version="1.0" encoding="UTF-8"?>
<!-- Generated by org.testng.reporters.JUnitReportReporter -->
<testsuite hostname="LAPTOP-GA4HMSSR" failures="0" tests="1" name="com.bridgelabz.ExplicitWait" time="18.254" errors="0" timestamp="2022-07-30T13:55:43 IST" skipped="0">
  <testcase classname="com.bridgelabz.ExplicitWait" name="checkwait" time="18.254"/>
  <system-out/>
</testsuite> <!-- com.bridgelabz.ExplicitWait -->
