<?xml version="1.0" encoding="UTF-8"?>
<!-- Generated by org.testng.reporters.JUnitReportReporter -->
<testsuite hostname="LAPTOP-GA4HMSSR" failures="0" tests="1" name="com.bridgelabz.WebTable_Example" time="0.409" errors="0" timestamp="2022-08-04T02:23:41 IST" skipped="0">
  <testcase classname="com.bridgelabz.WebTable_Example" name="webTable" time="0.409"/>
  <system-out/>
</testsuite> <!-- com.bridgelabz.WebTable_Example -->
