<?xml version="1.0" encoding="UTF-8"?>
<!-- Generated by org.testng.reporters.JUnitReportReporter -->
<testsuite hostname="LAPTOP-GA4HMSSR" failures="0" tests="1" name="com.bridgelabz.JavascriptExe" time="12.801" errors="0" timestamp="2022-07-26T22:20:18 IST" skipped="0">
  <testcase classname="com.bridgelabz.JavascriptExe" name="ScroolDownToBottomOfPage" time="12.801"/>
  <system-out/>
</testsuite> <!-- com.bridgelabz.JavascriptExe -->
