<?xml version="1.0" encoding="UTF-8"?>
<!-- Generated by org.testng.reporters.JUnitReportReporter -->
<testsuite hostname="LAPTOP-GA4HMSSR" failures="0" tests="1" name="com.bridgelabz.Launch_Browser" time="53.385" errors="0" timestamp="2022-07-19T11:47:11 IST" skipped="0">
  <testcase classname="com.bridgelabz.Launch_Browser" name="launch" time="53.385"/>
  <system-out/>
</testsuite> <!-- com.bridgelabz.Launch_Browser -->
