<?xml version="1.0" encoding="UTF-8"?>
<!-- Generated by org.testng.reporters.JUnitReportReporter -->
<testsuite hostname="LAPTOP-GA4HMSSR" failures="0" tests="1" name="com.bridgelabz.Facebook_Signup" time="38.622" errors="0" timestamp="2022-07-19T13:57:28 IST" skipped="0">
  <testcase classname="com.bridgelabz.Facebook_Signup" name="signup" time="38.622"/>
  <system-out/>
</testsuite> <!-- com.bridgelabz.Facebook_Signup -->
