<?xml version="1.0" encoding="UTF-8"?>
<!-- Generated by org.testng.reporters.JUnitReportReporter -->
<testsuite hostname="LAPTOP-GA4HMSSR" failures="0" tests="1" name="com.bridgelabz.Wait" time="25.311" errors="0" timestamp="2022-07-30T14:12:31 IST" skipped="0">
  <testcase classname="com.bridgelabz.Wait" name="emplicit" time="25.311"/>
  <system-out/>
</testsuite> <!-- com.bridgelabz.Wait -->
