<?xml version="1.0" encoding="UTF-8"?>
<!-- Generated by org.testng.reporters.JUnitReportReporter -->
<testsuite hostname="LAPTOP-GA4HMSSR" failures="0" tests="1" name="com.bridgelabz.PopUps" time="3.420" errors="0" timestamp="2022-08-03T17:58:10 IST" skipped="0">
  <testcase classname="com.bridgelabz.PopUps" name="close_All_Child_Windows" time="3.420"/>
  <system-out/>
</testsuite> <!-- com.bridgelabz.PopUps -->
